TN:
SF:src\http-exception.filter.ts
FN:16,(anonymous_1)
FN:34,(anonymous_2)
FN:44,(anonymous_3)
FNF:3
FNH:1
FNDA:4,(anonymous_1)
FNDA:0,(anonymous_2)
FNDA:0,(anonymous_3)
DA:1,1
DA:9,1
DA:15,1
DA:17,4
DA:18,4
DA:19,4
DA:21,4
DA:24,4
DA:25,1
DA:28,4
DA:35,0
DA:36,0
DA:45,0
DA:46,0
LF:14
LH:10
BRDA:21,0,0,4
BRDA:21,0,1,0
BRDA:24,1,0,1
BRDA:24,2,0,4
BRDA:24,2,1,1
BRDA:37,3,0,0
BRDA:37,3,1,0
BRDA:37,3,2,0
BRDA:37,3,3,0
BRF:9
BRH:4
end_of_record
TN:
SF:src\common\pagination\db\pageable.repository.ts
FN:13,(anonymous_0)
FN:17,(anonymous_1)
FN:44,(anonymous_2)
FNF:3
FNH:3
FNDA:4,(anonymous_0)
FNDA:2,(anonymous_1)
FNDA:1,(anonymous_2)
DA:2,2
DA:12,2
DA:14,4
DA:21,2
DA:22,1
DA:28,2
DA:34,2
DA:36,2
DA:48,1
DA:56,1
LF:10
LH:10
BRDA:19,0,0,2
BRDA:21,1,0,1
BRF:2
BRH:2
end_of_record
TN:
SF:src\common\pagination\db\pagination-entity.repository.ts
FN:13,(anonymous_0)
FN:33,(anonymous_1)
FN:42,(anonymous_2)
FNF:3
FNH:0
FNDA:0,(anonymous_0)
FNDA:0,(anonymous_1)
FNDA:0,(anonymous_2)
DA:2,0
DA:4,0
DA:9,0
DA:17,0
DA:18,0
DA:24,0
DA:30,0
DA:32,0
DA:34,0
DA:46,0
DA:54,0
LF:11
LH:0
BRDA:17,0,0,0
BRF:1
BRH:0
end_of_record
TN:
SF:src\common\pagination\dto\request\pagination-request.dto.ts
FN:17,(anonymous_2)
FNF:1
FNH:0
FNDA:0,(anonymous_2)
DA:1,1
DA:2,1
DA:4,1
DA:6,1
DA:9,1
DA:14,1
DA:17,0
DA:20,1
LF:8
LH:7
BRF:0
BRH:0
end_of_record
TN:
SF:src\common\pagination\label\pagination.label.ts
FN:1,(anonymous_0)
FNF:1
FNH:1
FNDA:1,(anonymous_0)
DA:1,1
DA:2,1
DA:3,1
DA:4,1
DA:5,1
DA:6,1
DA:7,1
DA:8,1
LF:8
LH:8
BRDA:1,0,0,1
BRDA:1,0,1,1
BRF:2
BRH:2
end_of_record
TN:
SF:src\db\base-entity.repository.ts
FN:10,(anonymous_0)
FN:17,(anonymous_1)
FN:28,(anonymous_2)
FNF:3
FNH:0
FNDA:0,(anonymous_0)
FNDA:0,(anonymous_1)
FNDA:0,(anonymous_2)
DA:3,2
DA:6,2
DA:11,0
DA:14,0
DA:18,0
DA:29,0
LF:6
LH:2
BRF:0
BRH:0
end_of_record
TN:
SF:src\db\entity.repository.ts
FN:11,(anonymous_0)
FN:16,(anonymous_1)
FN:29,(anonymous_2)
FN:33,(anonymous_3)
FN:38,(anonymous_4)
FN:54,(anonymous_5)
FN:58,(anonymous_6)
FNF:7
FNH:2
FNDA:3,(anonymous_0)
FNDA:0,(anonymous_1)
FNDA:0,(anonymous_2)
FNDA:0,(anonymous_3)
FNDA:0,(anonymous_4)
FNDA:1,(anonymous_5)
FNDA:0,(anonymous_6)
DA:5,2
DA:7,2
DA:12,3
DA:13,3
DA:20,0
DA:22,0
DA:23,0
DA:26,0
DA:32,0
DA:34,0
DA:43,0
DA:45,0
DA:46,0
DA:49,0
DA:55,1
DA:59,0
LF:16
LH:5
BRDA:22,0,0,0
BRDA:45,1,0,0
BRF:2
BRH:0
end_of_record
TN:
SF:src\db\identifiable-entity.schema.ts
FNF:0
FNH:0
DA:1,3
DA:3,3
DA:5,3
LF:3
LH:3
BRF:0
BRH:0
end_of_record
TN:
SF:src\db\index.ts
FN:5,(anonymous_0)
FNF:1
FNH:0
FNDA:0,(anonymous_0)
DA:1,0
DA:3,0
DA:5,0
DA:7,0
LF:4
LH:0
BRF:0
BRH:0
end_of_record
TN:
SF:src\problem\problem.controller.ts
FN:21,(anonymous_4)
FN:27,(anonymous_5)
FN:30,(anonymous_6)
FN:39,(anonymous_7)
FN:48,(anonymous_8)
FNF:5
FNH:4
FNDA:4,(anonymous_4)
FNDA:0,(anonymous_5)
FNDA:1,(anonymous_6)
FNDA:1,(anonymous_7)
FNDA:1,(anonymous_8)
DA:1,1
DA:10,1
DA:11,1
DA:12,1
DA:13,1
DA:14,1
DA:16,1
DA:17,1
DA:20,1
DA:22,4
DA:23,4
DA:27,1
DA:30,1
DA:33,1
DA:39,1
DA:42,1
DA:48,1
DA:52,1
LF:18
LH:18
BRF:0
BRH:0
end_of_record
TN:
SF:src\problem\problem.factory.ts
FN:10,(anonymous_2)
FN:14,(anonymous_3)
FNF:2
FNH:2
FNDA:2,(anonymous_2)
FNDA:1,(anonymous_3)
DA:1,1
DA:3,1
DA:4,1
DA:5,1
DA:6,1
DA:9,1
DA:11,2
DA:20,1
DA:29,1
DA:30,1
DA:31,1
LF:11
LH:11
BRF:0
BRH:0
end_of_record
TN:
SF:src\problem\commands\index.ts
FNF:0
FNH:0
DA:1,0
DA:2,0
DA:4,0
LF:3
LH:0
BRF:0
BRH:0
end_of_record
TN:
SF:src\problem\commands\create-problem\create-problem.command.ts
FN:4,(anonymous_0)
FNF:1
FNH:1
FNDA:2,(anonymous_0)
DA:3,1
DA:4,2
LF:2
LH:2
BRF:0
BRH:0
end_of_record
TN:
SF:src\problem\commands\create-problem\create-problem.handler.ts
FN:9,(anonymous_2)
FN:14,(anonymous_3)
FNF:2
FNH:0
FNDA:0,(anonymous_2)
FNDA:0,(anonymous_3)
DA:1,0
DA:2,0
DA:3,0
DA:6,0
DA:10,0
DA:11,0
DA:15,0
DA:16,0
DA:19,0
LF:9
LH:0
BRF:0
BRH:0
end_of_record
TN:
SF:src\problem\commands\update-title\update-title.command.ts
FN:2,(anonymous_0)
FNF:1
FNH:1
FNDA:2,(anonymous_0)
DA:1,1
DA:3,2
DA:4,2
LF:3
LH:3
BRF:0
BRH:0
end_of_record
TN:
SF:src\problem\commands\update-title\update-title.handler.ts
FN:7,(anonymous_2)
FN:12,(anonymous_3)
FNF:2
FNH:0
FNDA:0,(anonymous_2)
FNDA:0,(anonymous_3)
DA:1,0
DA:2,0
DA:3,0
DA:6,0
DA:8,0
DA:9,0
DA:13,0
DA:17,0
DA:18,0
DA:22,0
LF:10
LH:0
BRF:0
BRH:0
end_of_record
TN:
SF:src\problem\db\problem-dto.repository.ts
FN:11,(anonymous_2)
FN:15,(anonymous_3)
FN:17,(anonymous_4)
FN:20,(anonymous_5)
FN:25,(anonymous_6)
FN:32,(anonymous_7)
FNF:6
FNH:6
FNDA:2,(anonymous_2)
FNDA:1,(anonymous_3)
FNDA:2,(anonymous_4)
FNDA:1,(anonymous_5)
FNDA:2,(anonymous_6)
FNDA:8,(anonymous_7)
DA:1,1
DA:2,1
DA:6,1
DA:7,1
DA:10,1
DA:11,2
DA:12,2
DA:16,1
DA:17,2
DA:23,1
DA:25,1
DA:26,2
DA:29,1
DA:33,8
LF:14
LH:14
BRF:0
BRH:0
end_of_record
TN:
SF:src\problem\db\problem-entity.repository.ts
FN:14,(anonymous_4)
FNF:1
FNH:1
FNDA:3,(anonymous_4)
DA:1,2
DA:2,2
DA:3,2
DA:5,2
DA:6,2
DA:7,2
DA:10,2
DA:19,3
LF:8
LH:8
BRF:0
BRH:0
end_of_record
TN:
SF:src\problem\db\problem-schema.factory.ts
FN:10,(anonymous_1)
FN:22,(anonymous_2)
FNF:2
FNH:2
FNDA:1,(anonymous_1)
FNDA:1,(anonymous_2)
DA:1,3
DA:3,3
DA:7,3
DA:11,1
DA:23,1
LF:5
LH:5
BRF:0
BRH:0
end_of_record
TN:
SF:src\problem\db\problem.schema.ts
FN:22,(anonymous_2)
FN:25,(anonymous_3)
FNF:2
FNH:0
FNDA:0,(anonymous_2)
FNDA:0,(anonymous_3)
DA:2,3
DA:3,3
DA:6,3
DA:11,3
DA:14,3
DA:17,3
DA:20,3
DA:22,0
DA:23,3
DA:25,0
DA:26,3
LF:11
LH:9
BRF:0
BRH:0
end_of_record
TN:
SF:src\problem\dto\problem.dto.ts
FNF:0
FNH:0
DA:1,0
LF:1
LH:0
BRF:0
BRH:0
end_of_record
TN:
SF:src\problem\dto\request\create-problem-request.dto.ts
FNF:0
FNH:0
DA:1,1
DA:3,1
DA:5,1
DA:7,1
DA:9,1
DA:11,1
LF:6
LH:6
BRF:0
BRH:0
end_of_record
TN:
SF:src\problem\dto\request\problem-pagination.dto.ts
FNF:0
FNH:0
DA:1,1
DA:3,1
LF:2
LH:2
BRF:0
BRH:0
end_of_record
TN:
SF:src\problem\dto\request\update-title-request.dto.ts
FNF:0
FNH:0
DA:1,1
DA:3,1
DA:5,1
LF:3
LH:3
BRF:0
BRH:0
end_of_record
TN:
SF:src\problem\entities\problem.entity.ts
FN:5,(anonymous_0)
FN:17,(anonymous_1)
FN:21,(anonymous_2)
FN:25,(anonymous_3)
FN:29,(anonymous_4)
FN:33,(anonymous_5)
FN:37,(anonymous_6)
FN:41,(anonymous_7)
FN:45,(anonymous_8)
FNF:9
FNH:8
FNDA:4,(anonymous_0)
FNDA:4,(anonymous_1)
FNDA:2,(anonymous_2)
FNDA:2,(anonymous_3)
FNDA:2,(anonymous_4)
FNDA:2,(anonymous_5)
FNDA:2,(anonymous_6)
FNDA:2,(anonymous_7)
FNDA:0,(anonymous_8)
DA:1,3
DA:2,3
DA:4,3
DA:6,4
DA:7,4
DA:8,4
DA:9,4
DA:10,4
DA:11,4
DA:12,4
DA:14,4
DA:18,4
DA:22,2
DA:26,2
DA:30,2
DA:34,2
DA:38,2
DA:42,2
DA:46,0
DA:47,0
DA:50,0
LF:21
LH:18
BRDA:46,0,0,0
BRF:1
BRH:0
end_of_record
TN:
SF:src\problem\events\index.ts
FNF:0
FNH:0
DA:1,0
DA:3,0
LF:2
LH:0
BRF:0
BRH:0
end_of_record
TN:
SF:src\problem\events\problem-created.event.ts
FN:2,(anonymous_0)
FNF:1
FNH:1
FNDA:1,(anonymous_0)
DA:1,1
DA:2,1
LF:2
LH:2
BRF:0
BRH:0
end_of_record
TN:
SF:src\problem\events\problem-created.handler.ts
FN:8,(anonymous_1)
FNF:1
FNH:0
FNDA:0,(anonymous_1)
DA:1,0
DA:2,0
DA:5,0
DA:9,0
LF:4
LH:0
BRF:0
BRH:0
end_of_record
TN:
SF:src\problem\queries\index.ts
FNF:0
FNH:0
DA:1,0
DA:3,0
LF:2
LH:0
BRF:0
BRH:0
end_of_record
TN:
SF:src\problem\queries\problems-pagination\problems-pagination.handler.ts
FN:11,(anonymous_2)
FN:13,(anonymous_3)
FNF:2
FNH:0
FNDA:0,(anonymous_2)
FNDA:0,(anonymous_3)
DA:1,0
DA:2,0
DA:3,0
DA:8,0
DA:11,0
DA:16,0
LF:6
LH:0
BRF:0
BRH:0
end_of_record
TN:
SF:src\problem\queries\problems-pagination\problems-pagination.query.ts
FN:4,(anonymous_0)
FNF:1
FNH:1
FNDA:2,(anonymous_0)
DA:3,1
DA:4,2
LF:2
LH:2
BRF:0
BRH:0
end_of_record
